This file contains any messages produced by compilers while
running configure, to aid debugging if configure makes a mistake.

It was created by configure, which was
generated by GNU Autoconf 2.53.  Invocation command line was

  $ ./configure -C --prefix= --build=i386-redhat-linux --enable-dependency-tracking --target=bfin-uclinux --without-pthread --without-readline --disable-shared --with-headers=/home/bob/R05R4-RC2/uClinux-dist/linux-2.6.x/include --with-mysql=/home/bob/R05R4-RC2/uClinux-dist/lib/libmysqlclient --with-named-z-libs==/home/bob/R05R4-RC2/uClinux-dist/lib/zlib --with-pic

## --------- ##
## Platform. ##
## --------- ##

hostname = thinkpad390
uname -m = i686
uname -r = 2.4.27-2-386
uname -s = Linux
uname -v = #1 Mon May 16 16:47:51 JST 2005

/usr/bin/uname -p = unknown
/bin/uname -X     = unknown

/bin/arch              = i686
/usr/bin/arch -k       = unknown
/usr/convex/getsysinfo = unknown
hostinfo               = unknown
/bin/machine           = unknown
/usr/bin/oslevel       = unknown
/bin/universe          = unknown

PATH: /opt/uClinux/bfin-uclinux/bin
PATH: /usr/local/bin
PATH: /usr/bin
PATH: /bin
PATH: /usr/bin/X11
PATH: /usr/games
PATH: /home/bob/R05R4-RC2/uClinux-dist/tools


## ----------- ##
## Core tests. ##
## ----------- ##

configure:1370: loading cache config.cache
configure:1488: checking build system type
configure:1506: result: i386-redhat-linux
configure:1516: checking host system type
configure:1530: result: i386-redhat-linux
configure:1540: checking target system type
configure:1549: error: /bin/sh ./config.sub bfin-uclinux failed

## ---------------- ##
## Cache variables. ##
## ---------------- ##

ac_cv_build=i386-redhat-linux
ac_cv_build_alias=i386-redhat-linux
ac_cv_env_CC_set=
ac_cv_env_CC_value=
ac_cv_env_CFLAGS_set=set
ac_cv_env_CFLAGS_value=-DHAVE_GETHOSTBYNAME_R_GLIBC2_STYLE=1
ac_cv_env_CPPFLAGS_set=
ac_cv_env_CPPFLAGS_value=
ac_cv_env_CPP_set=
ac_cv_env_CPP_value=
ac_cv_env_CXXFLAGS_set=set
ac_cv_env_CXXFLAGS_value='-O2 -Wall -Dlinux -D__linux__ -Dunix -D__uClinux__ -DEMBED -I/home/bob/R05R4-RC2/uClinux-dist -I/home/bob/R05R4-RC2/uClinux-dist/lib/uClibc/include -fno-builtin  -fname-mangling-version-0'
ac_cv_env_CXX_set=set
ac_cv_env_CXX_value=bfin-uclinux-g++
ac_cv_env_LDFLAGS_set=
ac_cv_env_LDFLAGS_value=
ac_cv_env_build_alias_set=set
ac_cv_env_build_alias_value=i386-redhat-linux
ac_cv_env_host_alias_set=
ac_cv_env_host_alias_value=
ac_cv_env_target_alias_set=set
ac_cv_env_target_alias_value=bfin-uclinux
ac_cv_host=i386-redhat-linux
ac_cv_host_alias=i386-redhat-linux
ac_cv_target=
ac_cv_target_alias=bfin-uclinux
lt_cv_sys_path_separator=:

## ----------- ##
## confdefs.h. ##
## ----------- ##

#define PACKAGE_NAME ""
#define PACKAGE_TARNAME ""
#define PACKAGE_VERSION ""
#define PACKAGE_STRING ""
#define PACKAGE_BUGREPORT ""

configure: exit 1
